# JRE version: Java(TM) SE Runtime Environment (8.0_171-b11) (build 1.8.0_171-b11)
# Java VM: Java HotSpot(TM) 64-Bit Server VM (25.171-b11 mixed mode linux-amd64 compressed oops)
Heap:
 garbage-first heap   total 265216K, used 137605K [0x00000000c0000000, 0x00000000c0100818, 0x0000000100000000)
  region size 1024K, 17 young (17408K), 2 survivors (2048K)
 Metaspace       used 146918K, capacity 161258K, committed 161484K, reserved 1189888K
  class space    used 17149K, capacity 21349K, committed 21452K, reserved 1048576K
GC Heap History (10 events):
Event: 6984,215 GC heap before
{Heap before GC invocations=447 (full 0):
 garbage-first heap   total 265216K, used 133754K [0x00000000c0000000, 0x00000000c0100818, 0x0000000100000000)
  region size 1024K, 12 young (12288K), 8 survivors (8192K)
 Metaspace       used 146908K, capacity 161258K, committed 161484K, reserved 1189888K
  class space    used 17149K, capacity 21349K, committed 21452K, reserved 1048576K
Event: 6984,231 GC heap after
Heap after GC invocations=448 (full 0):
 garbage-first heap   total 265216K, used 123678K [0x00000000c0000000, 0x00000000c0100818, 0x0000000100000000)
  region size 1024K, 2 young (2048K), 2 survivors (2048K)
 Metaspace       used 146908K, capacity 161258K, committed 161484K, reserved 1189888K
  class space    used 17149K, capacity 21349K, committed 21452K, reserved 1048576K
}
Event: 7195,771 GC heap before
{Heap before GC invocations=448 (full 0):
 garbage-first heap   total 265216K, used 233246K [0x00000000c0000000, 0x00000000c0100818, 0x0000000100000000)
  region size 1024K, 109 young (111616K), 2 survivors (2048K)
 Metaspace       used 146908K, capacity 161258K, committed 161484K, reserved 1189888K
  class space    used 17149K, capacity 21349K, committed 21452K, reserved 1048576K
Event: 7195,788 GC heap after
Heap after GC invocations=449 (full 0):
 garbage-first heap   total 265216K, used 122512K [0x00000000c0000000, 0x00000000c0100818, 0x0000000100000000)
  region size 1024K, 1 young (1024K), 1 survivors (1024K)
 Metaspace       used 146908K, capacity 161258K, committed 161484K, reserved 1189888K
  class space    used 17149K, capacity 21349K, committed 21452K, reserved 1048576K
}
Event: 7274,643 GC heap before
{Heap before GC invocations=449 (full 0):
 garbage-first heap   total 265216K, used 234128K [0x00000000c0000000, 0x00000000c0100818, 0x0000000100000000)
  region size 1024K, 110 young (112640K), 1 survivors (1024K)
 Metaspace       used 146914K, capacity 161258K, committed 161484K, reserved 1189888K
  class space    used 17149K, capacity 21349K, committed 21452K, reserved 1048576K
Event: 7274,648 GC heap after
Heap after GC invocations=450 (full 0):
 garbage-first heap   total 265216K, used 122403K [0x00000000c0000000, 0x00000000c0100818, 0x0000000100000000)
  region size 1024K, 1 young (1024K), 1 survivors (1024K)
 Metaspace       used 146914K, capacity 161258K, committed 161484K, reserved 1189888K
  class space    used 17149K, capacity 21349K, committed 21452K, reserved 1048576K
}
Event: 7293,037 GC heap before
{Heap before GC invocations=451 (full 0):
 garbage-first heap   total 265216K, used 234019K [0x00000000c0000000, 0x00000000c0100818, 0x0000000100000000)
  region size 1024K, 110 young (112640K), 1 survivors (1024K)
 Metaspace       used 146917K, capacity 161258K, committed 161484K, reserved 1189888K
  class space    used 17149K, capacity 21349K, committed 21452K, reserved 1048576K
Event: 7293,042 GC heap after
Heap after GC invocations=452 (full 0):
 garbage-first heap   total 265216K, used 124041K [0x00000000c0000000, 0x00000000c0100818, 0x0000000100000000)
  region size 1024K, 3 young (3072K), 3 survivors (3072K)
 Metaspace       used 146917K, capacity 161258K, committed 161484K, reserved 1189888K
  class space    used 17149K, capacity 21349K, committed 21452K, reserved 1048576K
}
Event: 7294,189 GC heap before
{Heap before GC invocations=452 (full 0):
 garbage-first heap   total 265216K, used 133257K [0x00000000c0000000, 0x00000000c0100818, 0x0000000100000000)
  region size 1024K, 12 young (12288K), 3 survivors (3072K)
 Metaspace       used 146918K, capacity 161258K, committed 161484K, reserved 1189888K
  class space    used 17149K, capacity 21349K, committed 21452K, reserved 1048576K
Event: 7294,199 GC heap after
Heap after GC invocations=453 (full 0):
 garbage-first heap   total 265216K, used 123269K [0x00000000c0000000, 0x00000000c0100818, 0x0000000100000000)
  region size 1024K, 2 young (2048K), 2 survivors (2048K)
 Metaspace       used 146918K, capacity 161258K, committed 161484K, reserved 1189888K
  class space    used 17149K, capacity 21349K, committed 21452K, reserved 1048576K
}

